<?xml version="1.0" encoding="UTF-8"?>
<!-- Generated by org.testng.reporters.JUnitXMLReporter -->
<testsuite hostname="DESKTOP-Q7SO8M9" ignored="0" name="STEP WebClient Application Test Cases" tests="9" failures="0" timestamp="2021-06-18T13:27:31 IST" time="301.053" errors="0">
  <testcase name="loginPageTitleTest" time="0.008" classname="com.step.qa.testcases.LoginPageTest"/>
  <testcase name="stepLogoImageTest" time="0.108" classname="com.step.qa.testcases.LoginPageTest"/>
  <testcase name="EmptyLoginTest" time="0.132" classname="com.step.qa.testcases.LoginPageTest"/>
  <testcase name="IncorrectEmailidTest" time="0.299" classname="com.step.qa.testcases.LoginPageTest"/>
  <testcase name="IncorrectPinTest" time="1.41" classname="com.step.qa.testcases.LoginPageTest"/>
  <testcase name="loginTest" time="0.312" classname="com.step.qa.testcases.LoginPageTest"/>
  <testcase name="verifyHomePageTitleTest" time="0.007" classname="com.step.qa.testcases.HomePageTest"/>
  <testcase name="verifyUserNameTextTest" time="1.125" classname="com.step.qa.testcases.HomePageTest"/>
  <testcase name="verifySettingslinktest" time="5.083" classname="com.step.qa.testcases.HomePageTest"/>
</testsuite> <!-- STEP WebClient Application Test Cases -->
